# JRE version: Java(TM) SE Runtime Environment (19.0.1+10) (build 19.0.1+10-21)
# Java VM: Java HotSpot(TM) 64-Bit Server VM (19.0.1+10-21, mixed mode, sharing, tiered, compressed oops, compressed class ptrs, g1 gc, windows-amd64)
GC Precious Log:
 CardTable entry size: 512
 Card Set container configuration: InlinePtr #cards 4 size 8 Array Of Cards #cards 16 size 48 Howl #buckets 8 coarsen threshold 3686 Howl Bitmap #cards 512 size 80 coarsen threshold 460 Card regions per heap region 1 cards per card region 4096
 CPUs: 4 total, 4 available
 Memory: 16256M
 Large Page Support: Disabled
 NUMA Support: Disabled
 Compressed Oops: Enabled (Zero based)
 Heap Region Size: 2M
 Heap Min Capacity: 8M
 Heap Initial Capacity: 256M
 Heap Max Capacity: 4066M
 Pre-touch: Disabled
 Parallel Workers: 4
 Concurrent Workers: 1
 Concurrent Refinement Workers: 4
 Periodic GC: Disabled
Heap:
 garbage-first heap   total 90112K, used 33811K [0x0000000701e00000, 0x0000000800000000)
  region size 2048K, 2 young (4096K), 2 survivors (4096K)
 Metaspace       used 70322K, committed 70976K, reserved 1114112K
  class space    used 9034K, committed 9344K, reserved 1048576K
GC Heap History (20 events):
Event: 7.913 GC heap after
{Heap after GC invocations=8 (full 0):
 garbage-first heap   total 61440K, used 18584K [0x0000000701e00000, 0x0000000800000000)
  region size 2048K, 2 young (4096K), 2 survivors (4096K)
 Metaspace       used 27981K, committed 28352K, reserved 1114112K
  class space    used 3224K, committed 3392K, reserved 1048576K
}
Event: 8.824 GC heap before
{Heap before GC invocations=8 (full 0):
 garbage-first heap   total 61440K, used 41112K [0x0000000701e00000, 0x0000000800000000)
  region size 2048K, 13 young (26624K), 2 survivors (4096K)
 Metaspace       used 31463K, committed 31808K, reserved 1114112K
  class space    used 3690K, committed 3840K, reserved 1048576K
}
Event: 8.834 GC heap after
{Heap after GC invocations=9 (full 0):
 garbage-first heap   total 61440K, used 20312K [0x0000000701e00000, 0x0000000800000000)
  region size 2048K, 1 young (2048K), 1 survivors (2048K)
 Metaspace       used 31463K, committed 31808K, reserved 1114112K
  class space    used 3690K, committed 3840K, reserved 1048576K
}
Event: 9.694 GC heap before
{Heap before GC invocations=9 (full 0):
 garbage-first heap   total 61440K, used 42840K [0x0000000701e00000, 0x0000000800000000)
  region size 2048K, 12 young (24576K), 1 survivors (2048K)
 Metaspace       used 34564K, committed 35008K, reserved 1114112K
  class space    used 4170K, committed 4416K, reserved 1048576K
}
Event: 9.703 GC heap after
{Heap after GC invocations=10 (full 0):
 garbage-first heap   total 161792K, used 21676K [0x0000000701e00000, 0x0000000800000000)
  region size 2048K, 2 young (4096K), 2 survivors (4096K)
 Metaspace       used 34564K, committed 35008K, reserved 1114112K
  class space    used 4170K, committed 4416K, reserved 1048576K
}
Event: 10.127 GC heap before
{Heap before GC invocations=10 (full 0):
 garbage-first heap   total 161792K, used 31916K [0x0000000701e00000, 0x0000000800000000)
  region size 2048K, 8 young (16384K), 2 survivors (4096K)
 Metaspace       used 35621K, committed 36096K, reserved 1114112K
  class space    used 4298K, committed 4544K, reserved 1048576K
}
Event: 10.135 GC heap after
{Heap after GC invocations=11 (full 0):
 garbage-first heap   total 161792K, used 22587K [0x0000000701e00000, 0x0000000800000000)
  region size 2048K, 2 young (4096K), 2 survivors (4096K)
 Metaspace       used 35621K, committed 36096K, reserved 1114112K
  class space    used 4298K, committed 4544K, reserved 1048576K
}
Event: 11.977 GC heap before
{Heap before GC invocations=12 (full 0):
 garbage-first heap   total 90112K, used 71739K [0x0000000701e00000, 0x0000000800000000)
  region size 2048K, 26 young (53248K), 2 survivors (4096K)
 Metaspace       used 42158K, committed 42688K, reserved 1114112K
  class space    used 5092K, committed 5312K, reserved 1048576K
}
Event: 11.994 GC heap after
{Heap after GC invocations=13 (full 0):
 garbage-first heap   total 90112K, used 25785K [0x0000000701e00000, 0x0000000800000000)
  region size 2048K, 4 young (8192K), 4 survivors (8192K)
 Metaspace       used 42158K, committed 42688K, reserved 1114112K
  class space    used 5092K, committed 5312K, reserved 1048576K
}
Event: 12.089 GC heap before
{Heap before GC invocations=13 (full 0):
 garbage-first heap   total 90112K, used 27833K [0x0000000701e00000, 0x0000000800000000)
  region size 2048K, 5 young (10240K), 4 survivors (8192K)
 Metaspace       used 42423K, committed 42880K, reserved 1114112K
  class space    used 5131K, committed 5312K, reserved 1048576K
}
Event: 12.102 GC heap after
{Heap after GC invocations=14 (full 0):
 garbage-first heap   total 90112K, used 26467K [0x0000000701e00000, 0x0000000800000000)
  region size 2048K, 1 young (2048K), 1 survivors (2048K)
 Metaspace       used 42423K, committed 42880K, reserved 1114112K
  class space    used 5131K, committed 5312K, reserved 1048576K
}
Event: 13.449 GC heap before
{Heap before GC invocations=14 (full 0):
 garbage-first heap   total 90112K, used 63331K [0x0000000701e00000, 0x0000000800000000)
  region size 2048K, 20 young (40960K), 1 survivors (2048K)
 Metaspace       used 49666K, committed 50240K, reserved 1114112K
  class space    used 6190K, committed 6464K, reserved 1048576K
}
Event: 13.455 GC heap after
{Heap after GC invocations=15 (full 0):
 garbage-first heap   total 90112K, used 27789K [0x0000000701e00000, 0x0000000800000000)
  region size 2048K, 2 young (4096K), 2 survivors (4096K)
 Metaspace       used 49666K, committed 50240K, reserved 1114112K
  class space    used 6190K, committed 6464K, reserved 1048576K
}
Event: 14.419 GC heap before
{Heap before GC invocations=15 (full 0):
 garbage-first heap   total 90112K, used 58509K [0x0000000701e00000, 0x0000000800000000)
  region size 2048K, 18 young (36864K), 2 survivors (4096K)
 Metaspace       used 59957K, committed 60480K, reserved 1114112K
  class space    used 7552K, committed 7808K, reserved 1048576K
}
Event: 14.425 GC heap after
{Heap after GC invocations=16 (full 0):
 garbage-first heap   total 90112K, used 30507K [0x0000000701e00000, 0x0000000800000000)
  region size 2048K, 3 young (6144K), 3 survivors (6144K)
 Metaspace       used 59957K, committed 60480K, reserved 1114112K
  class space    used 7552K, committed 7808K, reserved 1048576K
}
Event: 15.383 GC heap before
{Heap before GC invocations=17 (full 0):
 garbage-first heap   total 90112K, used 67371K [0x0000000701e00000, 0x0000000800000000)
  region size 2048K, 21 young (43008K), 3 survivors (6144K)
 Metaspace       used 67867K, committed 68480K, reserved 1114112K
  class space    used 8720K, committed 8960K, reserved 1048576K
}
Event: 15.392 GC heap after
{Heap after GC invocations=18 (full 0):
 garbage-first heap   total 90112K, used 32723K [0x0000000701e00000, 0x0000000800000000)
  region size 2048K, 3 young (6144K), 3 survivors (6144K)
 Metaspace       used 67867K, committed 68480K, reserved 1114112K
  class space    used 8720K, committed 8960K, reserved 1048576K
}
Event: 15.418 GC heap before
{Heap before GC invocations=18 (full 0):
 garbage-first heap   total 90112K, used 34771K [0x0000000701e00000, 0x0000000800000000)
  region size 2048K, 4 young (8192K), 3 survivors (6144K)
 Metaspace       used 67869K, committed 68480K, reserved 1114112K
  class space    used 8720K, committed 8960K, reserved 1048576K
}
Event: 15.427 GC heap after
{Heap after GC invocations=19 (full 0):
 garbage-first heap   total 90112K, used 32619K [0x0000000701e00000, 0x0000000800000000)
  region size 2048K, 1 young (2048K), 1 survivors (2048K)
 Metaspace       used 67869K, committed 68480K, reserved 1114112K
  class space    used 8720K, committed 8960K, reserved 1048576K
}
Event: 16.107 GC heap before
{Heap before GC invocations=19 (full 0):
 garbage-first heap   total 90112K, used 69483K [0x0000000701e00000, 0x0000000800000000)
  region size 2048K, 19 young (38912K), 1 survivors (2048K)
 Metaspace       used 70322K, committed 70976K, reserved 1114112K
  class space    used 9034K, committed 9344K, reserved 1048576K
}

