# JRE version: Java(TM) SE Runtime Environment (19.0.1+10) (build 19.0.1+10-21)
# Java VM: Java HotSpot(TM) 64-Bit Server VM (19.0.1+10-21, mixed mode, sharing, tiered, compressed oops, compressed class ptrs, g1 gc, windows-amd64)
GC Precious Log:
 CardTable entry size: 512
 Card Set container configuration: InlinePtr #cards 4 size 8 Array Of Cards #cards 16 size 48 Howl #buckets 8 coarsen threshold 3686 Howl Bitmap #cards 512 size 80 coarsen threshold 460 Card regions per heap region 1 cards per card region 4096
 CPUs: 4 total, 4 available
 Memory: 16256M
 Large Page Support: Disabled
 NUMA Support: Disabled
 Compressed Oops: Enabled (Zero based)
 Heap Region Size: 2M
 Heap Min Capacity: 8M
 Heap Initial Capacity: 256M
 Heap Max Capacity: 4066M
 Pre-touch: Disabled
 Parallel Workers: 4
 Concurrent Workers: 1
 Concurrent Refinement Workers: 4
 Periodic GC: Disabled
Heap:
 garbage-first heap   total 96256K, used 73423K [0x0000000701e00000, 0x0000000800000000)
  region size 2048K, 18 young (36864K), 2 survivors (4096K)
 Metaspace       used 77472K, committed 78144K, reserved 1179648K
  class space    used 9995K, committed 10304K, reserved 1048576K
GC Heap History (20 events):
Event: 11.064 GC heap before
{Heap before GC invocations=13 (full 0):
 garbage-first heap   total 96256K, used 29099K [0x0000000701e00000, 0x0000000800000000)
  region size 2048K, 4 young (8192K), 3 survivors (6144K)
 Metaspace       used 41750K, committed 42240K, reserved 1114112K
  class space    used 5076K, committed 5312K, reserved 1048576K
}
Event: 11.078 GC heap after
{Heap after GC invocations=14 (full 0):
 garbage-first heap   total 96256K, used 27565K [0x0000000701e00000, 0x0000000800000000)
  region size 2048K, 1 young (2048K), 1 survivors (2048K)
 Metaspace       used 41750K, committed 42240K, reserved 1114112K
  class space    used 5076K, committed 5312K, reserved 1048576K
}
Event: 12.350 GC heap before
{Heap before GC invocations=14 (full 0):
 garbage-first heap   total 96256K, used 68525K [0x0000000701e00000, 0x0000000800000000)
  region size 2048K, 22 young (45056K), 1 survivors (2048K)
 Metaspace       used 45697K, committed 46208K, reserved 1114112K
  class space    used 5579K, committed 5824K, reserved 1048576K
}
Event: 12.362 GC heap after
{Heap after GC invocations=15 (full 0):
 garbage-first heap   total 96256K, used 29891K [0x0000000701e00000, 0x0000000800000000)
  region size 2048K, 2 young (4096K), 2 survivors (4096K)
 Metaspace       used 45697K, committed 46208K, reserved 1114112K
  class space    used 5579K, committed 5824K, reserved 1048576K
}
Event: 13.270 GC heap before
{Heap before GC invocations=15 (full 0):
 garbage-first heap   total 96256K, used 72899K [0x0000000701e00000, 0x0000000800000000)
  region size 2048K, 23 young (47104K), 2 survivors (4096K)
 Metaspace       used 47696K, committed 48256K, reserved 1114112K
  class space    used 5875K, committed 6144K, reserved 1048576K
}
Event: 13.278 GC heap after
{Heap after GC invocations=16 (full 0):
 garbage-first heap   total 96256K, used 32025K [0x0000000701e00000, 0x0000000800000000)
  region size 2048K, 2 young (4096K), 2 survivors (4096K)
 Metaspace       used 47696K, committed 48256K, reserved 1114112K
  class space    used 5875K, committed 6144K, reserved 1048576K
}
Event: 14.826 GC heap before
{Heap before GC invocations=16 (full 0):
 garbage-first heap   total 96256K, used 72985K [0x0000000701e00000, 0x0000000800000000)
  region size 2048K, 22 young (45056K), 2 survivors (4096K)
 Metaspace       used 56099K, committed 56640K, reserved 1114112K
  class space    used 7025K, committed 7296K, reserved 1048576K
}
Event: 14.835 GC heap after
{Heap after GC invocations=17 (full 0):
 garbage-first heap   total 96256K, used 34162K [0x0000000701e00000, 0x0000000800000000)
  region size 2048K, 3 young (6144K), 3 survivors (6144K)
 Metaspace       used 56099K, committed 56640K, reserved 1114112K
  class space    used 7025K, committed 7296K, reserved 1048576K
}
Event: 15.579 GC heap before
{Heap before GC invocations=17 (full 0):
 garbage-first heap   total 96256K, used 46450K [0x0000000701e00000, 0x0000000800000000)
  region size 2048K, 10 young (20480K), 3 survivors (6144K)
 Metaspace       used 59886K, committed 60480K, reserved 1114112K
  class space    used 7531K, committed 7808K, reserved 1048576K
}
Event: 15.587 GC heap after
{Heap after GC invocations=18 (full 0):
 garbage-first heap   total 96256K, used 36054K [0x0000000701e00000, 0x0000000800000000)
  region size 2048K, 3 young (6144K), 3 survivors (6144K)
 Metaspace       used 59886K, committed 60480K, reserved 1114112K
  class space    used 7531K, committed 7808K, reserved 1048576K
}
Event: 16.637 GC heap before
{Heap before GC invocations=19 (full 0):
 garbage-first heap   total 96256K, used 70870K [0x0000000701e00000, 0x0000000800000000)
  region size 2048K, 20 young (40960K), 3 survivors (6144K)
 Metaspace       used 70621K, committed 71296K, reserved 1114112K
  class space    used 9148K, committed 9472K, reserved 1048576K
}
Event: 16.645 GC heap after
{Heap after GC invocations=20 (full 0):
 garbage-first heap   total 96256K, used 37557K [0x0000000701e00000, 0x0000000800000000)
  region size 2048K, 2 young (4096K), 2 survivors (4096K)
 Metaspace       used 70621K, committed 71296K, reserved 1114112K
  class space    used 9148K, committed 9472K, reserved 1048576K
}
Event: 16.700 GC heap before
{Heap before GC invocations=20 (full 0):
 garbage-first heap   total 96256K, used 39605K [0x0000000701e00000, 0x0000000800000000)
  region size 2048K, 3 young (6144K), 2 survivors (4096K)
 Metaspace       used 71206K, committed 71808K, reserved 1114112K
  class space    used 9236K, committed 9536K, reserved 1048576K
}
Event: 16.707 GC heap after
{Heap after GC invocations=21 (full 0):
 garbage-first heap   total 96256K, used 37278K [0x0000000701e00000, 0x0000000800000000)
  region size 2048K, 1 young (2048K), 1 survivors (2048K)
 Metaspace       used 71206K, committed 71808K, reserved 1114112K
  class space    used 9236K, committed 9536K, reserved 1048576K
}
Event: 17.564 GC heap before
{Heap before GC invocations=21 (full 0):
 garbage-first heap   total 96256K, used 72094K [0x0000000701e00000, 0x0000000800000000)
  region size 2048K, 19 young (38912K), 1 survivors (2048K)
 Metaspace       used 74702K, committed 75392K, reserved 1179648K
  class space    used 9642K, committed 9984K, reserved 1048576K
}
Event: 17.571 GC heap after
{Heap after GC invocations=22 (full 0):
 garbage-first heap   total 96256K, used 39242K [0x0000000701e00000, 0x0000000800000000)
  region size 2048K, 2 young (4096K), 2 survivors (4096K)
 Metaspace       used 74702K, committed 75392K, reserved 1179648K
  class space    used 9642K, committed 9984K, reserved 1048576K
}
Event: 18.157 GC heap before
{Heap before GC invocations=22 (full 0):
 garbage-first heap   total 96256K, used 74058K [0x0000000701e00000, 0x0000000800000000)
  region size 2048K, 19 young (38912K), 2 survivors (4096K)
 Metaspace       used 75295K, committed 75968K, reserved 1179648K
  class space    used 9701K, committed 10048K, reserved 1048576K
}
Event: 18.164 GC heap after
{Heap after GC invocations=23 (full 0):
 garbage-first heap   total 96256K, used 40739K [0x0000000701e00000, 0x0000000800000000)
  region size 2048K, 2 young (4096K), 2 survivors (4096K)
 Metaspace       used 75295K, committed 75968K, reserved 1179648K
  class space    used 9701K, committed 10048K, reserved 1048576K
}
Event: 18.805 GC heap before
{Heap before GC invocations=23 (full 0):
 garbage-first heap   total 96256K, used 77603K [0x0000000701e00000, 0x0000000800000000)
  region size 2048K, 20 young (40960K), 2 survivors (4096K)
 Metaspace       used 76988K, committed 77632K, reserved 1179648K
  class space    used 9933K, committed 10240K, reserved 1048576K
}
Event: 18.817 GC heap after
{Heap after GC invocations=24 (full 0):
 garbage-first heap   total 96256K, used 42703K [0x0000000701e00000, 0x0000000800000000)
  region size 2048K, 2 young (4096K), 2 survivors (4096K)
 Metaspace       used 76988K, committed 77632K, reserved 1179648K
  class space    used 9933K, committed 10240K, reserved 1048576K
}

